<?xml version="1.0" encoding="UTF-8"?>
<testng-results skipped="0" failed="0" ignored="0" total="1" passed="1">
  <reporter-output>
  </reporter-output>
  <suite name="Suite" duration-ms="47617" started-at="2022-05-26T16:57:57 IST" finished-at="2022-05-26T16:58:44 IST">
    <groups>
    </groups>
    <test name="Test" duration-ms="47617" started-at="2022-05-26T16:57:57 IST" finished-at="2022-05-26T16:58:44 IST">
      <class name="VootHome">
        <test-method status="PASS" signature="init(java.lang.String,java.lang.String)[pri:0, instance:VootHome@fe18270]" name="init" is-config="true" duration-ms="13775" started-at="2022-05-26T16:57:57 IST" finished-at="2022-05-26T16:58:10 IST">
          <params>
            <param index="0">
              <value>
                <![CDATA[chrome]]>
              </value>
            </param>
            <param index="1">
              <value>
                <![CDATA[http://automationpractice.com/index.php]]>
              </value>
            </param>
          </params>
          <reporter-output>
          </reporter-output>
        </test-method> <!-- init -->
        <test-method status="PASS" signature="homePagevalidation()[pri:0, instance:VootHome@fe18270]" name="homePagevalidation" duration-ms="32865" started-at="2022-05-26T16:58:10 IST" finished-at="2022-05-26T16:58:43 IST">
          <reporter-output>
          </reporter-output>
        </test-method> <!-- homePagevalidation -->
        <test-method status="PASS" signature="quit()[pri:0, instance:VootHome@fe18270]" name="quit" is-config="true" duration-ms="908" started-at="2022-05-26T16:58:43 IST" finished-at="2022-05-26T16:58:44 IST">
          <reporter-output>
          </reporter-output>
        </test-method> <!-- quit -->
      </class> <!-- VootHome -->
    </test> <!-- Test -->
  </suite> <!-- Suite -->
</testng-results>
